<?xml version="1.0" encoding="UTF-8"?>
<testsuite name="list.MyArrayListTest" tests="4" skipped="0" failures="0" errors="0" timestamp="2021-11-30T15:10:50" hostname="macui-MacBookAir.local" time="0.056">
  <properties/>
  <testcase name="delete()" classname="list.MyArrayListTest" time="0.039"/>
  <testcase name="add()" classname="list.MyArrayListTest" time="0.004"/>
  <testcase name="clear()" classname="list.MyArrayListTest" time="0.001"/>
  <testcase name="deleteByIndex()" classname="list.MyArrayListTest" time="0.002"/>
  <system-out><![CDATA[]]></system-out>
  <system-err><![CDATA[]]></system-err>
</testsuite>
